<?xml version="1.0" encoding="UTF-8"?>
<!-- Generated by org.testng.reporters.JUnitReportReporter -->
<testsuite hostname="DESKTOP-S9RJKM1" failures="0" tests="1" name="com.artoftesting.tests.I_DragDropTest" time="4.060" errors="0" timestamp="2025-04-20T23:01:05 PDT" skipped="0">
  <testcase classname="com.artoftesting.tests.I_DragDropTest" name="verifydragDrop" time="4.060"/>
  <system-out/>
</testsuite> <!-- com.artoftesting.tests.I_DragDropTest -->
