<?xml version="1.0" encoding="UTF-8"?>
<!-- Generated by org.testng.reporters.JUnitReportReporter -->
<testsuite hostname="DESKTOP-S9RJKM1" failures="0" tests="1" name="com.artoftesting.tests.A_VerifyTitleTest" time="4.320" errors="0" timestamp="2025-04-20T23:01:05 PDT" skipped="0">
  <testcase classname="com.artoftesting.tests.A_VerifyTitleTest" name="verifytitle" time="4.320"/>
  <system-out/>
</testsuite> <!-- com.artoftesting.tests.A_VerifyTitleTest -->
