<?xml version="1.0" encoding="UTF-8"?>
<!-- Generated by org.testng.reporters.JUnitReportReporter -->
<testsuite hostname="DESKTOP-S9RJKM1" failures="0" tests="1" name="com.artoftesting.tests.Verify_Page_Title_Test" time="4.758" errors="0" timestamp="2025-04-15T22:10:04 PDT" skipped="0">
  <testcase classname="com.artoftesting.tests.Verify_Page_Title_Test" name="verifytitle" time="4.758"/>
  <system-out/>
</testsuite> <!-- com.artoftesting.tests.Verify_Page_Title_Test -->
