<?xml version="1.0" encoding="UTF-8"?>
<!-- Generated by org.testng.reporters.JUnitReportReporter -->
<testsuite hostname="DESKTOP-S9RJKM1" failures="0" tests="1" name="com.artoftesting.tests.B_TextBoxVarifyTest" time="6.218" errors="0" timestamp="2025-04-22T11:33:26 PDT" skipped="0">
  <testcase classname="com.artoftesting.tests.B_TextBoxVarifyTest" name="TxtBox" time="6.218"/>
  <system-out/>
</testsuite> <!-- com.artoftesting.tests.B_TextBoxVarifyTest -->
