<?xml version="1.0" encoding="UTF-8"?>
<!-- Generated by org.testng.reporters.JUnitReportReporter -->
<testsuite hostname="DESKTOP-S9RJKM1" failures="0" tests="1" name="com.artoftesting.tests.G_AlertPopupTest" time="4.065" errors="0" timestamp="2025-04-18T21:24:54 PDT" skipped="0">
  <testcase classname="com.artoftesting.tests.G_AlertPopupTest" name="verifyAlertPopup" time="4.065"/>
  <system-out/>
</testsuite> <!-- com.artoftesting.tests.G_AlertPopupTest -->
