<?xml version="1.0" encoding="UTF-8"?>
<!-- Generated by org.testng.reporters.JUnitReportReporter -->
<testsuite hostname="DESKTOP-S9RJKM1" failures="0" tests="1" name="com.artoftesting.tests.C_ButtonClickTest" time="2.594" errors="0" timestamp="2025-04-17T03:03:05 PDT" skipped="0">
  <testcase classname="com.artoftesting.tests.C_ButtonClickTest" name="ButtonClick" time="2.594"/>
  <system-out/>
</testsuite> <!-- com.artoftesting.tests.C_ButtonClickTest -->
