<?xml version="1.0" encoding="UTF-8"?>
<!-- Generated by org.testng.reporters.JUnitReportReporter -->
<testsuite hostname="DESKTOP-S9RJKM1" failures="0" tests="1" name="com.artoftesting.tests.D_CheckRadioButtonTest" time="5.322" errors="0" timestamp="2025-04-16T06:19:49 PDT" skipped="0">
  <testcase classname="com.artoftesting.tests.D_CheckRadioButtonTest" name="testRadioButton" time="5.322"/>
  <system-out/>
</testsuite> <!-- com.artoftesting.tests.D_CheckRadioButtonTest -->
