<?xml version="1.0" encoding="UTF-8"?>
<!-- Generated by org.testng.reporters.JUnitReportReporter -->
<testsuite hostname="DESKTOP-S9RJKM1" failures="0" tests="1" name="com.artoftesting.tests.H_BrokenLinkTest" time="27.387" errors="0" timestamp="2025-04-17T22:21:58 PDT" skipped="0">
  <testcase classname="com.artoftesting.tests.H_BrokenLinkTest" name="verifyBrokenLink" time="27.387"/>
  <system-out/>
</testsuite> <!-- com.artoftesting.tests.H_BrokenLinkTest -->
