<?xml version="1.0" encoding="UTF-8"?>
<!-- Generated by org.testng.reporters.JUnitReportReporter -->
<testsuite hostname="DESKTOP-S9RJKM1" failures="0" tests="1" name="com.artoftesting.tests.B_Text_InputField_Validation_Test" time="5.536" errors="0" timestamp="2025-04-16T00:07:10 PDT" skipped="0">
  <testcase classname="com.artoftesting.tests.B_Text_InputField_Validation_Test" name="TxtBox" time="5.536"/>
  <system-out/>
</testsuite> <!-- com.artoftesting.tests.B_Text_InputField_Validation_Test -->
