<?xml version="1.0" encoding="UTF-8"?>
<!-- Generated by org.testng.reporters.JUnitReportReporter -->
<testsuite hostname="DESKTOP-S9RJKM1" failures="0" tests="1" name="com.artoftesting.tests.E_CheckBoxTest" time="2.718" errors="0" timestamp="2025-04-17T12:37:12 PDT" skipped="0">
  <testcase classname="com.artoftesting.tests.E_CheckBoxTest" name="CheckRadioButton" time="2.718"/>
  <system-out/>
</testsuite> <!-- com.artoftesting.tests.E_CheckBoxTest -->
